I[16:47:19.714] clangd version 18.1.8 (https://github.com/llvm/llvm-project 3b5b5c1ec4a3095ab096dd780e84d7ab81f3d7ff)
I[16:47:19.715] Features: mac+debug+xpc
I[16:47:19.715] PID: 42868
I[16:47:19.715] Working directory: /Users/amanuelbogale/Documents/clang-learn/ch7-refactor
I[16:47:19.715] argv[0]: /Users/amanuelbogale/Documents/llvm-project/install/bin/clangd
I[16:47:19.715] argv[1]: -log
I[16:47:19.715] argv[2]: verbose
I[16:47:19.715] argv[3]: -pretty
V[16:47:19.715] User config file is /Users/amanuelbogale/Library/Preferences/clangd/config.yaml
I[16:47:19.715] Starting LSP over stdin/stdout
V[16:47:19.716] <<< {
  "id": 0,
  "jsonrpc": "2.0",
  "method": "initialize",
  "params": {
    "capabilities": {
      "general": {
        "markdown": {
          "parser": "marked",
          "version": "1.1.0"
        },
        "positionEncodings": [
          "utf-16"
        ],
        "regularExpressions": {
          "engine": "ECMAScript",
          "version": "ES2020"
        },
        "staleRequestSupport": {
          "cancel": true,
          "retryOnContentModified": [
            "textDocument/semanticTokens/full",
            "textDocument/semanticTokens/range",
            "textDocument/semanticTokens/full/delta"
          ]
        }
      },
      "notebookDocument": {
        "synchronization": {
          "dynamicRegistration": true,
          "executionSummarySupport": true
        }
      },
      "textDocument": {
        "callHierarchy": {
          "dynamicRegistration": true
        },
        "codeAction": {
          "codeActionLiteralSupport": {
            "codeActionKind": {
              "valueSet": [
                "",
                "quickfix",
                "refactor",
                "refactor.extract",
                "refactor.inline",
                "refactor.rewrite",
                "source",
                "source.organizeImports"
              ]
            }
          },
          "dataSupport": true,
          "disabledSupport": true,
          "dynamicRegistration": true,
          "honorsChangeAnnotations": false,
          "isPreferredSupport": true,
          "resolveSupport": {
            "properties": [
              "edit"
            ]
          }
        },
        "codeLens": {
          "dynamicRegistration": true
        },
        "colorProvider": {
          "dynamicRegistration": true
        },
        "completion": {
          "completionItem": {
            "commitCharactersSupport": true,
            "deprecatedSupport": true,
            "documentationFormat": [
              "markdown",
              "plaintext"
            ],
            "insertReplaceSupport": true,
            "insertTextModeSupport": {
              "valueSet": [
                1,
                2
              ]
            },
            "labelDetailsSupport": true,
            "preselectSupport": true,
            "resolveSupport": {
              "properties": [
                "documentation",
                "detail",
                "additionalTextEdits"
              ]
            },
            "snippetSupport": true,
            "tagSupport": {
              "valueSet": [
                1
              ]
            }
          },
          "completionItemKind": {
            "valueSet": [
              1,
              2,
              3,
              4,
              5,
              6,
              7,
              8,
              9,
              10,
              11,
              12,
              13,
              14,
              15,
              16,
              17,
              18,
              19,
              20,
              21,
              22,
              23,
              24,
              25
            ]
          },
          "completionList": {
            "itemDefaults": [
              "commitCharacters",
              "editRange",
              "insertTextFormat",
              "insertTextMode"
            ]
          },
          "contextSupport": true,
          "dynamicRegistration": true,
          "editsNearCursor": true,
          "insertTextMode": 2
        },
        "declaration": {
          "dynamicRegistration": true,
          "linkSupport": true
        },
        "definition": {
          "dynamicRegistration": true,
          "linkSupport": true
        },
        "diagnostic": {
          "dynamicRegistration": true,
          "relatedDocumentSupport": false
        },
        "documentHighlight": {
          "dynamicRegistration": true
        },
        "documentLink": {
          "dynamicRegistration": true,
          "tooltipSupport": true
        },
        "documentSymbol": {
          "dynamicRegistration": true,
          "hierarchicalDocumentSymbolSupport": true,
          "labelSupport": true,
          "symbolKind": {
            "valueSet": [
              1,
              2,
              3,
              4,
              5,
              6,
              7,
              8,
              9,
              10,
              11,
              12,
              13,
              14,
              15,
              16,
              17,
              18,
              19,
              20,
              21,
              22,
              23,
              24,
              25,
              26
            ]
          },
          "tagSupport": {
            "valueSet": [
              1
            ]
          }
        },
        "foldingRange": {
          "dynamicRegistration": true,
          "foldingRange": {
            "collapsedText": false
          },
          "foldingRangeKind": {
            "valueSet": [
              "comment",
              "imports",
              "region"
            ]
          },
          "lineFoldingOnly": true,
          "rangeLimit": 5000
        },
        "formatting": {
          "dynamicRegistration": true
        },
        "hover": {
          "contentFormat": [
            "markdown",
            "plaintext"
          ],
          "dynamicRegistration": true
        },
        "implementation": {
          "dynamicRegistration": true,
          "linkSupport": true
        },
        "inactiveRegionsCapabilities": {
          "inactiveRegions": true
        },
        "inlayHint": {
          "dynamicRegistration": true,
          "resolveSupport": {
            "properties": [
              "tooltip",
              "textEdits",
              "label.tooltip",
              "label.location",
              "label.command"
            ]
          }
        },
        "inlineValue": {
          "dynamicRegistration": true
        },
        "linkedEditingRange": {
          "dynamicRegistration": true
        },
        "onTypeFormatting": {
          "dynamicRegistration": true
        },
        "publishDiagnostics": {
          "codeDescriptionSupport": true,
          "dataSupport": true,
          "relatedInformation": true,
          "tagSupport": {
            "valueSet": [
              1,
              2
            ]
          },
          "versionSupport": false
        },
        "rangeFormatting": {
          "dynamicRegistration": true
        },
        "references": {
          "dynamicRegistration": true
        },
        "rename": {
          "dynamicRegistration": true,
          "honorsChangeAnnotations": true,
          "prepareSupport": true,
          "prepareSupportDefaultBehavior": 1
        },
        "selectionRange": {
          "dynamicRegistration": true
        },
        "semanticTokens": {
          "augmentsSyntaxTokens": true,
          "dynamicRegistration": true,
          "formats": [
            "relative"
          ],
          "multilineTokenSupport": false,
          "overlappingTokenSupport": false,
          "requests": {
            "full": {
              "delta": true
            },
            "range": true
          },
          "serverCancelSupport": true,
          "tokenModifiers": [
            "declaration",
            "definition",
            "readonly",
            "static",
            "deprecated",
            "abstract",
            "async",
            "modification",
            "documentation",
            "defaultLibrary"
          ],
          "tokenTypes": [
            "namespace",
            "type",
            "class",
            "enum",
            "interface",
            "struct",
            "typeParameter",
            "parameter",
            "variable",
            "property",
            "enumMember",
            "event",
            "function",
            "method",
            "macro",
            "keyword",
            "modifier",
            "comment",
            "string",
            "number",
            "regexp",
            "operator",
            "decorator"
          ]
        },
        "signatureHelp": {
          "contextSupport": true,
          "dynamicRegistration": true,
          "signatureInformation": {
            "activeParameterSupport": true,
            "documentationFormat": [
              "markdown",
              "plaintext"
            ],
            "parameterInformation": {
              "labelOffsetSupport": true
            }
          }
        },
        "synchronization": {
          "didSave": true,
          "dynamicRegistration": true,
          "willSave": true,
          "willSaveWaitUntil": true
        },
        "typeDefinition": {
          "dynamicRegistration": true,
          "linkSupport": true
        },
        "typeHierarchy": {
          "dynamicRegistration": true
        }
      },
      "window": {
        "showDocument": {
          "support": true
        },
        "showMessage": {
          "messageActionItem": {
            "additionalPropertiesSupport": true
          }
        },
        "workDoneProgress": true
      },
      "workspace": {
        "applyEdit": true,
        "codeLens": {
          "refreshSupport": true
        },
        "configuration": true,
        "diagnostics": {
          "refreshSupport": true
        },
        "didChangeConfiguration": {
          "dynamicRegistration": true
        },
        "didChangeWatchedFiles": {
          "dynamicRegistration": true,
          "relativePatternSupport": true
        },
        "executeCommand": {
          "dynamicRegistration": true
        },
        "fileOperations": {
          "didCreate": true,
          "didDelete": true,
          "didRename": true,
          "dynamicRegistration": true,
          "willCreate": true,
          "willDelete": true,
          "willRename": true
        },
        "inlayHint": {
          "refreshSupport": true
        },
        "inlineValue": {
          "refreshSupport": true
        },
        "semanticTokens": {
          "refreshSupport": true
        },
        "symbol": {
          "dynamicRegistration": true,
          "resolveSupport": {
            "properties": [
              "location.range"
            ]
          },
          "symbolKind": {
            "valueSet": [
              1,
              2,
              3,
              4,
              5,
              6,
              7,
              8,
              9,
              10,
              11,
              12,
              13,
              14,
              15,
              16,
              17,
              18,
              19,
              20,
              21,
              22,
              23,
              24,
              25,
              26
            ]
          },
          "tagSupport": {
            "valueSet": [
              1
            ]
          }
        },
        "workspaceEdit": {
          "changeAnnotationSupport": {
            "groupsOnLabel": true
          },
          "documentChanges": true,
          "failureHandling": "textOnlyTransactional",
          "normalizesLineEndings": true,
          "resourceOperations": [
            "create",
            "rename",
            "delete"
          ]
        },
        "workspaceFolders": true
      }
    },
    "clientInfo": {
      "name": "Visual Studio Code - Insiders",
      "version": "1.93.0-insider"
    },
    "initializationOptions": {
      "clangdFileStatus": true,
      "fallbackFlags": []
    },
    "locale": "en",
    "processId": 42866,
    "rootPath": "/Users/amanuelbogale/Documents/clang-learn/ch7-refactor",
    "rootUri": "file:///Users/amanuelbogale/Documents/clang-learn/ch7-refactor",
    "trace": "off",
    "workspaceFolders": [
      {
        "name": "ch7-refactor",
        "uri": "file:///Users/amanuelbogale/Documents/clang-learn/ch7-refactor"
      }
    ]
  }
}

I[16:47:19.716] <-- initialize(0)
V[16:47:19.717] Invoking /usr/bin/xcrun to find clang installation
V[16:47:19.728] Invoking /usr/bin/xcrun to find clang installation
I[16:47:19.738] --> reply:initialize(0) 22 ms
V[16:47:19.739] >>> {
  "id": 0,
  "jsonrpc": "2.0",
  "result": {
    "capabilities": {
      "astProvider": true,
      "callHierarchyProvider": true,
      "clangdInlayHintsProvider": true,
      "codeActionProvider": {
        "codeActionKinds": [
          "quickfix",
          "refactor",
          "info"
        ]
      },
      "compilationDatabase": {
        "automaticReload": true
      },
      "completionProvider": {
        "resolveProvider": false,
        "triggerCharacters": [
          ".",
          "<",
          ">",
          ":",
          "\"",
          "/",
          "*"
        ]
      },
      "declarationProvider": true,
      "definitionProvider": true,
      "documentFormattingProvider": true,
      "documentHighlightProvider": true,
      "documentLinkProvider": {
        "resolveProvider": false
      },
      "documentOnTypeFormattingProvider": {
        "firstTriggerCharacter": "\n",
        "moreTriggerCharacter": []
      },
      "documentRangeFormattingProvider": true,
      "documentSymbolProvider": true,
      "executeCommandProvider": {
        "commands": [
          "clangd.applyFix",
          "clangd.applyTweak"
        ]
      },
      "foldingRangeProvider": true,
      "hoverProvider": true,
      "implementationProvider": true,
      "inactiveRegionsProvider": true,
      "inlayHintProvider": true,
      "memoryUsageProvider": true,
      "referencesProvider": true,
      "renameProvider": {
        "prepareProvider": true
      },
      "selectionRangeProvider": true,
      "semanticTokensProvider": {
        "full": {
          "delta": true
        },
        "legend": {
          "tokenModifiers": [
            "declaration",
            "definition",
            "deprecated",
            "deduced",
            "readonly",
            "static",
            "abstract",
            "virtual",
            "dependentName",
            "defaultLibrary",
            "usedAsMutableReference",
            "usedAsMutablePointer",
            "constructorOrDestructor",
            "userDefined",
            "functionScope",
            "classScope",
            "fileScope",
            "globalScope"
          ],
          "tokenTypes": [
            "variable",
            "variable",
            "parameter",
            "function",
            "method",
            "function",
            "property",
            "variable",
            "class",
            "interface",
            "enum",
            "enumMember",
            "type",
            "type",
            "unknown",
            "namespace",
            "typeParameter",
            "concept",
            "type",
            "macro",
            "modifier",
            "operator",
            "bracket",
            "label",
            "comment"
          ]
        },
        "range": false
      },
      "signatureHelpProvider": {
        "triggerCharacters": [
          "(",
          ")",
          "{",
          "}",
          "<",
          ">",
          ","
        ]
      },
      "standardTypeHierarchyProvider": true,
      "textDocumentSync": {
        "change": 2,
        "openClose": true,
        "save": true
      },
      "typeDefinitionProvider": true,
      "typeHierarchyProvider": true,
      "workspaceSymbolProvider": true
    },
    "serverInfo": {
      "name": "clangd",
      "version": "clangd version 18.1.8 (https://github.com/llvm/llvm-project 3b5b5c1ec4a3095ab096dd780e84d7ab81f3d7ff) mac+debug+xpc arm64-apple-darwin23.4.0; target=aarch64-apple-darwin23.4.0"
    }
  }
}

V[16:47:19.739] <<< {
  "jsonrpc": "2.0",
  "method": "initialized",
  "params": {}
}

I[16:47:19.739] <-- initialized
V[16:47:19.741] <<< {
  "jsonrpc": "2.0",
  "method": "textDocument/didOpen",
  "params": {
    "textDocument": {
      "languageId": "cpp",
      "text": "class TestClass {\npublic:\n  TestClass(){};\n  void pos(){};\n\nprivate:\n  void private_pos(){};\n};\n\nint main() {\n  TestClass test;\n  test.pos();\n  return 0;\n}",
      "uri": "file:///Users/amanuelbogale/Documents/clang-learn/ch7-refactor/test/TestClass.cc",
      "version": 3
    }
  }
}

I[16:47:19.741] <-- textDocument/didOpen
I[16:47:19.742] Loaded compilation database from /Users/amanuelbogale/Documents/clang-learn/ch7-refactor/build/compile_commands.json
V[16:47:19.742] Broadcasting compilation database from /Users/amanuelbogale/Documents/clang-learn/ch7-refactor
I[16:47:19.742] --> window/workDoneProgress/create(0)
V[16:47:19.742] >>> {
  "id": 0,
  "jsonrpc": "2.0",
  "method": "window/workDoneProgress/create",
  "params": {
    "token": "backgroundIndexProgress"
  }
}

I[16:47:19.742] Enqueueing 1 commands for indexing
V[16:47:19.743] <<< {
  "id": 0,
  "jsonrpc": "2.0",
  "result": null
}

I[16:47:19.743] ASTWorker building file /Users/amanuelbogale/Documents/clang-learn/ch7-refactor/test/TestClass.cc version 3 with command inferred from /Users/amanuelbogale/Documents/clang-learn/ch7-refactor/Rename.cc
[/Users/amanuelbogale/Documents/clang-learn/ch7-refactor/build]
/opt/homebrew/Cellar/llvm/18.1.6/bin/clang++ --driver-mode=g++ -I/opt/homebrew/opt/llvm/include -I/Users/amanuelbogale/Documents/clang-learn/ch7-refactor/FrontendAction.hh -I/Users/amanuelbogale/Documents/clang-learn/ch7-refactor/Consumer.hh -I/Users/amanuelbogale/Documents/clang-learn/ch7-refactor/Visitor.hh -isystem /opt/homebrew/include -g -arch arm64 -isysroot /Applications/NIX.app/Contents/Developer/Platforms/MacOSX.platform/Developer/SDKs/MacOSX15.0.sdk -mmacosx-version-min=14.4 -D__STDC_CONSTANT_MACROS -D__STDC_FORMAT_MACROS -D__STDC_LIMIT_MACROS -fno-rtti -c -std=c++17 -resource-dir=/Users/amanuelbogale/Documents/llvm-project/install/lib/clang/18 -- /Users/amanuelbogale/Documents/clang-learn/ch7-refactor/test/TestClass.cc
I[16:47:19.743] <-- reply(0)
I[16:47:19.743] --> $/progress
V[16:47:19.743] >>> {
  "jsonrpc": "2.0",
  "method": "$/progress",
  "params": {
    "token": "backgroundIndexProgress",
    "value": {
      "kind": "begin",
      "percentage": 0,
      "title": "indexing"
    }
  }
}

I[16:47:19.743] --> $/progress
V[16:47:19.743] >>> {
  "jsonrpc": "2.0",
  "method": "$/progress",
  "params": {
    "token": "backgroundIndexProgress",
    "value": {
      "kind": "report",
      "message": "0/1",
      "percentage": 0
    }
  }
}

V[16:47:19.745] Driver produced command: cc1 -cc1 -triple arm64-apple-macosx14.4.0 -Wundef-prefix=TARGET_OS_ -Werror=undef-prefix -Wdeprecated-objc-isa-usage -Werror=deprecated-objc-isa-usage -fsyntax-only -disable-free -clear-ast-before-backend -main-file-name TestClass.cc -mrelocation-model pic -pic-level 2 -mframe-pointer=non-leaf -ffp-contract=on -fno-rounding-math -funwind-tables=1 -target-sdk-version=15.0 -fcompatibility-qualified-id-block-type-checking -fvisibility-inlines-hidden-static-local-var -fbuiltin-headers-in-system-modules -fdefine-target-os-macros -target-cpu apple-m1 -target-feature +zcm -target-feature +zcz -target-feature +v8.5a -target-feature +aes -target-feature +crc -target-feature +dotprod -target-feature +complxnum -target-feature +fp-armv8 -target-feature +fullfp16 -target-feature +fp16fml -target-feature +jsconv -target-feature +lse -target-feature +pauth -target-feature +ras -target-feature +rcpc -target-feature +rdm -target-feature +sha2 -target-feature +sha3 -target-feature +neon -target-abi darwinpcs -debug-info-kind=standalone -dwarf-version=4 -debugger-tuning=lldb -fdebug-compilation-dir=/Users/amanuelbogale/Documents/clang-learn/ch7-refactor/build -target-linker-version 1111 -fcoverage-compilation-dir=/Users/amanuelbogale/Documents/clang-learn/ch7-refactor/build -resource-dir /Users/amanuelbogale/Documents/llvm-project/install/lib/clang/18 -isystem /opt/homebrew/include -isysroot /Applications/NIX.app/Contents/Developer/Platforms/MacOSX.platform/Developer/SDKs/MacOSX15.0.sdk -I /opt/homebrew/opt/llvm/include -I /Users/amanuelbogale/Documents/clang-learn/ch7-refactor/FrontendAction.hh -I /Users/amanuelbogale/Documents/clang-learn/ch7-refactor/Consumer.hh -I /Users/amanuelbogale/Documents/clang-learn/ch7-refactor/Visitor.hh -D __STDC_CONSTANT_MACROS -D __STDC_FORMAT_MACROS -D __STDC_LIMIT_MACROS -internal-isystem /opt/homebrew/Cellar/llvm/18.1.6/bin/../include/c++/v1 -internal-isystem /Applications/NIX.app/Contents/Developer/Platforms/MacOSX.platform/Developer/SDKs/MacOSX15.0.sdk/usr/local/include -internal-isystem /Users/amanuelbogale/Documents/llvm-project/install/lib/clang/18/include -internal-externc-isystem /Applications/NIX.app/Contents/Developer/Platforms/MacOSX.platform/Developer/SDKs/MacOSX15.0.sdk/usr/include -std=c++17 -fdeprecated-macro -ferror-limit 19 -stack-protector 1 -fblocks -fencode-extended-block-signature -fno-rtti -fregister-global-dtors-with-atexit -fgnuc-version=4.2.1 -fskip-odr-check-in-gmf -fcxx-exceptions -fexceptions -fmax-type-align=16 -no-round-trip-args -D__GCC_HAVE_DWARF2_CFI_ASM=1 -x c++ /Users/amanuelbogale/Documents/clang-learn/ch7-refactor/test/TestClass.cc
I[16:47:19.745] --> textDocument/clangd.fileStatus
V[16:47:19.745] >>> {
  "jsonrpc": "2.0",
  "method": "textDocument/clangd.fileStatus",
  "params": {
    "state": "parsing includes, running Update",
    "uri": "file:///Users/amanuelbogale/Documents/clang-learn/ch7-refactor/test/TestClass.cc"
  }
}

V[16:47:19.745] Building first preamble for /Users/amanuelbogale/Documents/clang-learn/ch7-refactor/test/TestClass.cc version 3
I[16:47:19.785] Built preamble of size 643952 for file /Users/amanuelbogale/Documents/clang-learn/ch7-refactor/test/TestClass.cc version 3 in 0.04 seconds
I[16:47:19.786] --> workspace/semanticTokens/refresh(1)
V[16:47:19.786] >>> {
  "id": 1,
  "jsonrpc": "2.0",
  "method": "workspace/semanticTokens/refresh",
  "params": null
}

V[16:47:19.786] <<< {
  "id": 1,
  "jsonrpc": "2.0",
  "result": null
}

I[16:47:19.786] <-- reply(1)
V[16:47:19.786] indexed preamble AST for /Users/amanuelbogale/Documents/clang-learn/ch7-refactor/test/TestClass.cc version 3:
  symbol slab: 0 symbols, 120 bytes
  ref slab: 0 symbols, 0 refs, 128 bytes
  relations slab: 0 relations, 24 bytes
I[16:47:19.801] Indexing c++17 standard library in the context of /Users/amanuelbogale/Documents/clang-learn/ch7-refactor/test/TestClass.cc
V[16:47:19.804] indexed file AST for /Users/amanuelbogale/Documents/clang-learn/ch7-refactor/test/TestClass.cc version 3:
  symbol slab: 5 symbols, 5376 bytes
  ref slab: 5 symbols, 9 refs, 4416 bytes
  relations slab: 0 relations, 24 bytes
V[16:47:19.804] Build dynamic index for main-file symbols with estimated memory usage of 13800 bytes
I[16:47:19.804] --> textDocument/publishDiagnostics
V[16:47:19.804] >>> {
  "jsonrpc": "2.0",
  "method": "textDocument/publishDiagnostics",
  "params": {
    "diagnostics": [],
    "uri": "file:///Users/amanuelbogale/Documents/clang-learn/ch7-refactor/test/TestClass.cc",
    "version": 3
  }
}

I[16:47:19.804] --> textDocument/inactiveRegions
V[16:47:19.804] >>> {
  "jsonrpc": "2.0",
  "method": "textDocument/inactiveRegions",
  "params": {
    "regions": [],
    "textDocument": {
      "uri": "file:///Users/amanuelbogale/Documents/clang-learn/ch7-refactor/test/TestClass.cc"
    }
  }
}

I[16:47:19.804] --> textDocument/clangd.fileStatus
V[16:47:19.804] >>> {
  "jsonrpc": "2.0",
  "method": "textDocument/clangd.fileStatus",
  "params": {
    "state": "idle",
    "uri": "file:///Users/amanuelbogale/Documents/clang-learn/ch7-refactor/test/TestClass.cc"
  }
}

I[16:47:20.361] Loaded compilation database from /Users/amanuelbogale/Documents/llvm-project/build/compile_commands.json
V[16:47:21.698] BackgroundIndex: building version 1 after loading index from disk
V[16:47:23.039] BackgroundIndex: serving version 1 (73399350 bytes)
I[16:47:23.098] --> $/progress
V[16:47:23.098] >>> {
  "jsonrpc": "2.0",
  "method": "$/progress",
  "params": {
    "token": "backgroundIndexProgress",
    "value": {
      "kind": "report",
      "message": "0/1",
      "percentage": 0
    }
  }
}

I[16:47:23.098] --> $/progress
V[16:47:23.098] >>> {
  "jsonrpc": "2.0",
  "method": "$/progress",
  "params": {
    "token": "backgroundIndexProgress",
    "value": {
      "kind": "end"
    }
  }
}

V[16:47:26.132] <<< {
  "id": 1,
  "jsonrpc": "2.0",
  "method": "textDocument/codeAction",
  "params": {
    "context": {
      "diagnostics": [],
      "triggerKind": 2
    },
    "range": {
      "end": {
        "character": 0,
        "line": 0
      },
      "start": {
        "character": 0,
        "line": 0
      }
    },
    "textDocument": {
      "uri": "file:///Users/amanuelbogale/Documents/clang-learn/ch7-refactor/test/TestClass.cc"
    }
  }
}

I[16:47:26.133] <-- textDocument/codeAction(1)
V[16:47:26.133] ASTWorker running codeAction on version 3 of /Users/amanuelbogale/Documents/clang-learn/ch7-refactor/test/TestClass.cc
I[16:47:26.133] --> reply:textDocument/codeAction(1) 0 ms
V[16:47:26.133] >>> {
  "id": 1,
  "jsonrpc": "2.0",
  "result": [
    {
      "command": {
        "arguments": [
          {
            "file": "file:///Users/amanuelbogale/Documents/clang-learn/ch7-refactor/test/TestClass.cc",
            "selection": {
              "end": {
                "character": 0,
                "line": 0
              },
              "start": {
                "character": 0,
                "line": 0
              }
            },
            "tweakID": "SpecialMembers"
          }
        ],
        "command": "clangd.applyTweak",
        "title": "Declare implicit copy/move members"
      },
      "kind": "refactor",
      "title": "Declare implicit copy/move members"
    }
  ]
}

I[16:47:26.133] --> textDocument/clangd.fileStatus
V[16:47:26.133] >>> {
  "jsonrpc": "2.0",
  "method": "textDocument/clangd.fileStatus",
  "params": {
    "state": "idle",
    "uri": "file:///Users/amanuelbogale/Documents/clang-learn/ch7-refactor/test/TestClass.cc"
  }
}

V[16:47:26.136] <<< {
  "id": 2,
  "jsonrpc": "2.0",
  "method": "textDocument/documentSymbol",
  "params": {
    "textDocument": {
      "uri": "file:///Users/amanuelbogale/Documents/clang-learn/ch7-refactor/test/TestClass.cc"
    }
  }
}

I[16:47:26.136] <-- textDocument/documentSymbol(2)
V[16:47:26.136] ASTWorker running DocumentSymbols on version 3 of /Users/amanuelbogale/Documents/clang-learn/ch7-refactor/test/TestClass.cc
I[16:47:26.136] --> reply:textDocument/documentSymbol(2) 0 ms
V[16:47:26.137] >>> {
  "id": 2,
  "jsonrpc": "2.0",
  "result": [
    {
      "children": [
        {
          "detail": "()",
          "kind": 9,
          "name": "TestClass",
          "range": {
            "end": {
              "character": 15,
              "line": 2
            },
            "start": {
              "character": 2,
              "line": 2
            }
          },
          "selectionRange": {
            "end": {
              "character": 11,
              "line": 2
            },
            "start": {
              "character": 2,
              "line": 2
            }
          }
        },
        {
          "detail": "void ()",
          "kind": 6,
          "name": "pos",
          "range": {
            "end": {
              "character": 14,
              "line": 3
            },
            "start": {
              "character": 2,
              "line": 3
            }
          },
          "selectionRange": {
            "end": {
              "character": 10,
              "line": 3
            },
            "start": {
              "character": 7,
              "line": 3
            }
          }
        },
        {
          "detail": "void ()",
          "kind": 6,
          "name": "private_pos",
          "range": {
            "end": {
              "character": 22,
              "line": 6
            },
            "start": {
              "character": 2,
              "line": 6
            }
          },
          "selectionRange": {
            "end": {
              "character": 18,
              "line": 6
            },
            "start": {
              "character": 7,
              "line": 6
            }
          }
        }
      ],
      "detail": "class",
      "kind": 5,
      "name": "TestClass",
      "range": {
        "end": {
          "character": 1,
          "line": 7
        },
        "start": {
          "character": 0,
          "line": 0
        }
      },
      "selectionRange": {
        "end": {
          "character": 15,
          "line": 0
        },
        "start": {
          "character": 6,
          "line": 0
        }
      }
    },
    {
      "detail": "int ()",
      "kind": 12,
      "name": "main",
      "range": {
        "end": {
          "character": 1,
          "line": 13
        },
        "start": {
          "character": 0,
          "line": 9
        }
      },
      "selectionRange": {
        "end": {
          "character": 8,
          "line": 9
        },
        "start": {
          "character": 4,
          "line": 9
        }
      }
    }
  ]
}

I[16:47:26.137] --> textDocument/clangd.fileStatus
V[16:47:26.137] >>> {
  "jsonrpc": "2.0",
  "method": "textDocument/clangd.fileStatus",
  "params": {
    "state": "idle",
    "uri": "file:///Users/amanuelbogale/Documents/clang-learn/ch7-refactor/test/TestClass.cc"
  }
}

V[16:47:26.142] <<< {
  "id": 3,
  "jsonrpc": "2.0",
  "method": "textDocument/documentLink",
  "params": {
    "textDocument": {
      "uri": "file:///Users/amanuelbogale/Documents/clang-learn/ch7-refactor/test/TestClass.cc"
    }
  }
}

I[16:47:26.142] <-- textDocument/documentLink(3)
V[16:47:26.142] <<< {
  "id": 4,
  "jsonrpc": "2.0",
  "method": "textDocument/inlayHint",
  "params": {
    "range": {
      "end": {
        "character": 1,
        "line": 13
      },
      "start": {
        "character": 0,
        "line": 0
      }
    },
    "textDocument": {
      "uri": "file:///Users/amanuelbogale/Documents/clang-learn/ch7-refactor/test/TestClass.cc"
    }
  }
}

V[16:47:26.142] ASTWorker running DocumentLinks on version 3 of /Users/amanuelbogale/Documents/clang-learn/ch7-refactor/test/TestClass.cc
I[16:47:26.142] --> reply:textDocument/documentLink(3) 0 ms
I[16:47:26.142] <-- textDocument/inlayHint(4)
V[16:47:26.143] >>> {
  "id": 3,
  "jsonrpc": "2.0",
  "result": []
}

V[16:47:26.143] ASTWorker running InlayHints on version 3 of /Users/amanuelbogale/Documents/clang-learn/ch7-refactor/test/TestClass.cc
I[16:47:26.143] --> reply:textDocument/inlayHint(4) 0 ms
V[16:47:26.143] >>> {
  "id": 4,
  "jsonrpc": "2.0",
  "result": []
}

I[16:47:26.143] --> textDocument/clangd.fileStatus
V[16:47:26.143] >>> {
  "jsonrpc": "2.0",
  "method": "textDocument/clangd.fileStatus",
  "params": {
    "state": "idle",
    "uri": "file:///Users/amanuelbogale/Documents/clang-learn/ch7-refactor/test/TestClass.cc"
  }
}

V[16:47:26.383] <<< {
  "id": 5,
  "jsonrpc": "2.0",
  "method": "textDocument/codeAction",
  "params": {
    "context": {
      "diagnostics": [],
      "triggerKind": 2
    },
    "range": {
      "end": {
        "character": 7,
        "line": 5
      },
      "start": {
        "character": 7,
        "line": 5
      }
    },
    "textDocument": {
      "uri": "file:///Users/amanuelbogale/Documents/clang-learn/ch7-refactor/test/TestClass.cc"
    }
  }
}

I[16:47:26.383] <-- textDocument/codeAction(5)
V[16:47:26.384] ASTWorker running codeAction on version 3 of /Users/amanuelbogale/Documents/clang-learn/ch7-refactor/test/TestClass.cc
I[16:47:26.384] --> reply:textDocument/codeAction(5) 0 ms
V[16:47:26.384] >>> {
  "id": 5,
  "jsonrpc": "2.0",
  "result": []
}

I[16:47:26.384] --> textDocument/clangd.fileStatus
V[16:47:26.384] >>> {
  "jsonrpc": "2.0",
  "method": "textDocument/clangd.fileStatus",
  "params": {
    "state": "idle",
    "uri": "file:///Users/amanuelbogale/Documents/clang-learn/ch7-refactor/test/TestClass.cc"
  }
}

V[16:47:26.432] <<< {
  "id": 6,
  "jsonrpc": "2.0",
  "method": "textDocument/semanticTokens/full",
  "params": {
    "textDocument": {
      "uri": "file:///Users/amanuelbogale/Documents/clang-learn/ch7-refactor/test/TestClass.cc"
    }
  }
}

I[16:47:26.432] <-- textDocument/semanticTokens/full(6)
V[16:47:26.432] <<< {
  "id": 7,
  "jsonrpc": "2.0",
  "method": "textDocument/foldingRange",
  "params": {
    "textDocument": {
      "uri": "file:///Users/amanuelbogale/Documents/clang-learn/ch7-refactor/test/TestClass.cc"
    }
  }
}

V[16:47:26.432] ASTWorker running SemanticHighlights on version 3 of /Users/amanuelbogale/Documents/clang-learn/ch7-refactor/test/TestClass.cc
I[16:47:26.432] <-- textDocument/foldingRange(7)
V[16:47:26.432] <<< {
  "id": 8,
  "jsonrpc": "2.0",
  "method": "textDocument/documentSymbol",
  "params": {
    "textDocument": {
      "uri": "file:///Users/amanuelbogale/Documents/clang-learn/ch7-refactor/test/TestClass.cc"
    }
  }
}

I[16:47:26.432] <-- textDocument/documentSymbol(8)
I[16:47:26.433] --> reply:textDocument/semanticTokens/full(6) 0 ms
V[16:47:26.433] >>> {
  "id": 6,
  "jsonrpc": "2.0",
  "result": {
    "data": [
      0,
      6,
      9,
      8,
      131075,
      2,
      2,
      9,
      8,
      36867,
      1,
      7,
      3,
      4,
      32771,
      3,
      7,
      11,
      4,
      32771,
      3,
      4,
      4,
      3,
      131075,
      1,
      2,
      9,
      8,
      131072,
      0,
      10,
      4,
      1,
      16387,
      1,
      2,
      4,
      1,
      16384,
      0,
      5,
      3,
      4,
      32768
    ],
    "resultId": "1"
  }
}

I[16:47:26.433] --> reply:textDocument/foldingRange(7) 0 ms
V[16:47:26.433] ASTWorker running DocumentSymbols on version 3 of /Users/amanuelbogale/Documents/clang-learn/ch7-refactor/test/TestClass.cc
V[16:47:26.433] >>> {
  "id": 7,
  "jsonrpc": "2.0",
  "result": [
    {
      "endLine": 6,
      "kind": "region",
      "startCharacter": 17,
      "startLine": 0
    },
    {
      "endLine": 12,
      "kind": "region",
      "startCharacter": 12,
      "startLine": 9
    }
  ]
}

I[16:47:26.433] --> reply:textDocument/documentSymbol(8) 0 ms
V[16:47:26.433] >>> {
  "id": 8,
  "jsonrpc": "2.0",
  "result": [
    {
      "children": [
        {
          "detail": "()",
          "kind": 9,
          "name": "TestClass",
          "range": {
            "end": {
              "character": 15,
              "line": 2
            },
            "start": {
              "character": 2,
              "line": 2
            }
          },
          "selectionRange": {
            "end": {
              "character": 11,
              "line": 2
            },
            "start": {
              "character": 2,
              "line": 2
            }
          }
        },
        {
          "detail": "void ()",
          "kind": 6,
          "name": "pos",
          "range": {
            "end": {
              "character": 14,
              "line": 3
            },
            "start": {
              "character": 2,
              "line": 3
            }
          },
          "selectionRange": {
            "end": {
              "character": 10,
              "line": 3
            },
            "start": {
              "character": 7,
              "line": 3
            }
          }
        },
        {
          "detail": "void ()",
          "kind": 6,
          "name": "private_pos",
          "range": {
            "end": {
              "character": 22,
              "line": 6
            },
            "start": {
              "character": 2,
              "line": 6
            }
          },
          "selectionRange": {
            "end": {
              "character": 18,
              "line": 6
            },
            "start": {
              "character": 7,
              "line": 6
            }
          }
        }
      ],
      "detail": "class",
      "kind": 5,
      "name": "TestClass",
      "range": {
        "end": {
          "character": 1,
          "line": 7
        },
        "start": {
          "character": 0,
          "line": 0
        }
      },
      "selectionRange": {
        "end": {
          "character": 15,
          "line": 0
        },
        "start": {
          "character": 6,
          "line": 0
        }
      }
    },
    {
      "detail": "int ()",
      "kind": 12,
      "name": "main",
      "range": {
        "end": {
          "character": 1,
          "line": 13
        },
        "start": {
          "character": 0,
          "line": 9
        }
      },
      "selectionRange": {
        "end": {
          "character": 8,
          "line": 9
        },
        "start": {
          "character": 4,
          "line": 9
        }
      }
    }
  ]
}

I[16:47:26.433] --> textDocument/clangd.fileStatus
V[16:47:26.433] >>> {
  "jsonrpc": "2.0",
  "method": "textDocument/clangd.fileStatus",
  "params": {
    "state": "idle",
    "uri": "file:///Users/amanuelbogale/Documents/clang-learn/ch7-refactor/test/TestClass.cc"
  }
}

V[16:47:27.785] <<< {
  "id": 9,
  "jsonrpc": "2.0",
  "method": "textDocument/hover",
  "params": {
    "position": {
      "character": 7,
      "line": 3
    },
    "textDocument": {
      "uri": "file:///Users/amanuelbogale/Documents/clang-learn/ch7-refactor/test/TestClass.cc"
    }
  }
}

I[16:47:27.785] <-- textDocument/hover(9)
V[16:47:27.785] ASTWorker running Hover on version 3 of /Users/amanuelbogale/Documents/clang-learn/ch7-refactor/test/TestClass.cc
I[16:47:27.787] --> reply:textDocument/hover(9) 1 ms
V[16:47:27.787] >>> {
  "id": 9,
  "jsonrpc": "2.0",
  "result": {
    "contents": {
      "kind": "markdown",
      "value": "### instance-method `pos`  \n\n---\n→ `void`  \n\n---\n```cpp\n// In TestClass\npublic: void pos()\n```"
    },
    "range": {
      "end": {
        "character": 10,
        "line": 3
      },
      "start": {
        "character": 7,
        "line": 3
      }
    }
  }
}

I[16:47:27.787] --> textDocument/clangd.fileStatus
V[16:47:27.787] >>> {
  "jsonrpc": "2.0",
  "method": "textDocument/clangd.fileStatus",
  "params": {
    "state": "idle",
    "uri": "file:///Users/amanuelbogale/Documents/clang-learn/ch7-refactor/test/TestClass.cc"
  }
}

V[16:47:28.610] <<< {
  "jsonrpc": "2.0",
  "method": "textDocument/didSave",
  "params": {
    "textDocument": {
      "uri": "file:///Users/amanuelbogale/Documents/clang-learn/ch7-refactor/test/TestClass.cc"
    }
  }
}

I[16:47:28.610] <-- textDocument/didSave
I[16:47:28.610] File version went from 3 to 3
I[16:47:28.610] --> textDocument/clangd.fileStatus
V[16:47:28.611] >>> {
  "jsonrpc": "2.0",
  "method": "textDocument/clangd.fileStatus",
  "params": {
    "state": "file is queued",
    "uri": "file:///Users/amanuelbogale/Documents/clang-learn/ch7-refactor/test/TestClass.cc"
  }
}

I[16:47:28.666] ASTWorker building file /Users/amanuelbogale/Documents/clang-learn/ch7-refactor/test/TestClass.cc version 3 with command inferred from /Users/amanuelbogale/Documents/clang-learn/ch7-refactor/Rename.cc
[/Users/amanuelbogale/Documents/clang-learn/ch7-refactor/build]
/opt/homebrew/Cellar/llvm/18.1.6/bin/clang++ --driver-mode=g++ -I/opt/homebrew/opt/llvm/include -I/Users/amanuelbogale/Documents/clang-learn/ch7-refactor/FrontendAction.hh -I/Users/amanuelbogale/Documents/clang-learn/ch7-refactor/Consumer.hh -I/Users/amanuelbogale/Documents/clang-learn/ch7-refactor/Visitor.hh -isystem /opt/homebrew/include -g -arch arm64 -isysroot /Applications/NIX.app/Contents/Developer/Platforms/MacOSX.platform/Developer/SDKs/MacOSX15.0.sdk -mmacosx-version-min=14.4 -D__STDC_CONSTANT_MACROS -D__STDC_FORMAT_MACROS -D__STDC_LIMIT_MACROS -fno-rtti -c -std=c++17 -resource-dir=/Users/amanuelbogale/Documents/llvm-project/install/lib/clang/18 -- /Users/amanuelbogale/Documents/clang-learn/ch7-refactor/test/TestClass.cc
V[16:47:28.668] Driver produced command: cc1 -cc1 -triple arm64-apple-macosx14.4.0 -Wundef-prefix=TARGET_OS_ -Werror=undef-prefix -Wdeprecated-objc-isa-usage -Werror=deprecated-objc-isa-usage -fsyntax-only -disable-free -clear-ast-before-backend -main-file-name TestClass.cc -mrelocation-model pic -pic-level 2 -mframe-pointer=non-leaf -ffp-contract=on -fno-rounding-math -funwind-tables=1 -target-sdk-version=15.0 -fcompatibility-qualified-id-block-type-checking -fvisibility-inlines-hidden-static-local-var -fbuiltin-headers-in-system-modules -fdefine-target-os-macros -target-cpu apple-m1 -target-feature +zcm -target-feature +zcz -target-feature +v8.5a -target-feature +aes -target-feature +crc -target-feature +dotprod -target-feature +complxnum -target-feature +fp-armv8 -target-feature +fullfp16 -target-feature +fp16fml -target-feature +jsconv -target-feature +lse -target-feature +pauth -target-feature +ras -target-feature +rcpc -target-feature +rdm -target-feature +sha2 -target-feature +sha3 -target-feature +neon -target-abi darwinpcs -debug-info-kind=standalone -dwarf-version=4 -debugger-tuning=lldb -fdebug-compilation-dir=/Users/amanuelbogale/Documents/clang-learn/ch7-refactor/build -target-linker-version 1111 -fcoverage-compilation-dir=/Users/amanuelbogale/Documents/clang-learn/ch7-refactor/build -resource-dir /Users/amanuelbogale/Documents/llvm-project/install/lib/clang/18 -isystem /opt/homebrew/include -isysroot /Applications/NIX.app/Contents/Developer/Platforms/MacOSX.platform/Developer/SDKs/MacOSX15.0.sdk -I /opt/homebrew/opt/llvm/include -I /Users/amanuelbogale/Documents/clang-learn/ch7-refactor/FrontendAction.hh -I /Users/amanuelbogale/Documents/clang-learn/ch7-refactor/Consumer.hh -I /Users/amanuelbogale/Documents/clang-learn/ch7-refactor/Visitor.hh -D __STDC_CONSTANT_MACROS -D __STDC_FORMAT_MACROS -D __STDC_LIMIT_MACROS -internal-isystem /opt/homebrew/Cellar/llvm/18.1.6/bin/../include/c++/v1 -internal-isystem /Applications/NIX.app/Contents/Developer/Platforms/MacOSX.platform/Developer/SDKs/MacOSX15.0.sdk/usr/local/include -internal-isystem /Users/amanuelbogale/Documents/llvm-project/install/lib/clang/18/include -internal-externc-isystem /Applications/NIX.app/Contents/Developer/Platforms/MacOSX.platform/Developer/SDKs/MacOSX15.0.sdk/usr/include -std=c++17 -fdeprecated-macro -ferror-limit 19 -stack-protector 1 -fblocks -fencode-extended-block-signature -fno-rtti -fregister-global-dtors-with-atexit -fgnuc-version=4.2.1 -fskip-odr-check-in-gmf -fcxx-exceptions -fexceptions -fmax-type-align=16 -no-round-trip-args -D__GCC_HAVE_DWARF2_CFI_ASM=1 -x c++ /Users/amanuelbogale/Documents/clang-learn/ch7-refactor/test/TestClass.cc
I[16:47:28.668] --> textDocument/clangd.fileStatus
V[16:47:28.668] >>> {
  "jsonrpc": "2.0",
  "method": "textDocument/clangd.fileStatus",
  "params": {
    "state": "parsing includes, running Update",
    "uri": "file:///Users/amanuelbogale/Documents/clang-learn/ch7-refactor/test/TestClass.cc"
  }
}

I[16:47:28.668] --> textDocument/clangd.fileStatus
V[16:47:28.668] >>> {
  "jsonrpc": "2.0",
  "method": "textDocument/clangd.fileStatus",
  "params": {
    "state": "parsing includes",
    "uri": "file:///Users/amanuelbogale/Documents/clang-learn/ch7-refactor/test/TestClass.cc"
  }
}

V[16:47:28.668] Reusing preamble version 3 for version 3 of /Users/amanuelbogale/Documents/clang-learn/ch7-refactor/test/TestClass.cc
I[16:47:28.669] --> textDocument/clangd.fileStatus
V[16:47:28.669] >>> {
  "jsonrpc": "2.0",
  "method": "textDocument/clangd.fileStatus",
  "params": {
    "state": "idle",
    "uri": "file:///Users/amanuelbogale/Documents/clang-learn/ch7-refactor/test/TestClass.cc"
  }
}

I[16:47:28.669] --> textDocument/clangd.fileStatus
V[16:47:28.669] >>> {
  "jsonrpc": "2.0",
  "method": "textDocument/clangd.fileStatus",
  "params": {
    "state": "idle",
    "uri": "file:///Users/amanuelbogale/Documents/clang-learn/ch7-refactor/test/TestClass.cc"
  }
}

I[16:47:36.105] Indexed c++17 standard library: 10670 symbols, 2362 filtered
V[16:47:36.292] Build dynamic index for header symbols with estimated memory usage of 7499472 bytes
V[16:47:51.411] <<< {
  "id": 10,
  "jsonrpc": "2.0",
  "method": "textDocument/codeAction",
  "params": {
    "context": {
      "diagnostics": [],
      "triggerKind": 2
    },
    "range": {
      "end": {
        "character": 0,
        "line": 0
      },
      "start": {
        "character": 0,
        "line": 0
      }
    },
    "textDocument": {
      "uri": "file:///Users/amanuelbogale/Documents/clang-learn/ch7-refactor/test/TestClass.cc"
    }
  }
}

I[16:47:51.411] <-- textDocument/codeAction(10)
V[16:47:51.412] ASTWorker running codeAction on version 3 of /Users/amanuelbogale/Documents/clang-learn/ch7-refactor/test/TestClass.cc
I[16:47:51.412] --> reply:textDocument/codeAction(10) 1 ms
V[16:47:51.413] >>> {
  "id": 10,
  "jsonrpc": "2.0",
  "result": [
    {
      "command": {
        "arguments": [
          {
            "file": "file:///Users/amanuelbogale/Documents/clang-learn/ch7-refactor/test/TestClass.cc",
            "selection": {
              "end": {
                "character": 0,
                "line": 0
              },
              "start": {
                "character": 0,
                "line": 0
              }
            },
            "tweakID": "SpecialMembers"
          }
        ],
        "command": "clangd.applyTweak",
        "title": "Declare implicit copy/move members"
      },
      "kind": "refactor",
      "title": "Declare implicit copy/move members"
    }
  ]
}

I[16:47:51.413] --> textDocument/clangd.fileStatus
V[16:47:51.413] >>> {
  "jsonrpc": "2.0",
  "method": "textDocument/clangd.fileStatus",
  "params": {
    "state": "idle",
    "uri": "file:///Users/amanuelbogale/Documents/clang-learn/ch7-refactor/test/TestClass.cc"
  }
}

V[16:47:51.432] <<< {
  "id": 11,
  "jsonrpc": "2.0",
  "method": "textDocument/documentLink",
  "params": {
    "textDocument": {
      "uri": "file:///Users/amanuelbogale/Documents/clang-learn/ch7-refactor/test/TestClass.cc"
    }
  }
}

I[16:47:51.432] <-- textDocument/documentLink(11)
V[16:47:51.433] ASTWorker running DocumentLinks on version 3 of /Users/amanuelbogale/Documents/clang-learn/ch7-refactor/test/TestClass.cc
V[16:47:51.433] <<< {
  "id": 12,
  "jsonrpc": "2.0",
  "method": "textDocument/inlayHint",
  "params": {
    "range": {
      "end": {
        "character": 1,
        "line": 13
      },
      "start": {
        "character": 0,
        "line": 0
      }
    },
    "textDocument": {
      "uri": "file:///Users/amanuelbogale/Documents/clang-learn/ch7-refactor/test/TestClass.cc"
    }
  }
}

I[16:47:51.433] --> reply:textDocument/documentLink(11) 0 ms
I[16:47:51.433] <-- textDocument/inlayHint(12)
V[16:47:51.433] >>> {
  "id": 11,
  "jsonrpc": "2.0",
  "result": []
}

I[16:47:51.433] --> textDocument/clangd.fileStatus
V[16:47:51.433] >>> {
  "jsonrpc": "2.0",
  "method": "textDocument/clangd.fileStatus",
  "params": {
    "state": "idle",
    "uri": "file:///Users/amanuelbogale/Documents/clang-learn/ch7-refactor/test/TestClass.cc"
  }
}

V[16:47:51.434] ASTWorker running InlayHints on version 3 of /Users/amanuelbogale/Documents/clang-learn/ch7-refactor/test/TestClass.cc
I[16:47:51.434] --> reply:textDocument/inlayHint(12) 0 ms
V[16:47:51.434] >>> {
  "id": 12,
  "jsonrpc": "2.0",
  "result": []
}

I[16:47:51.434] --> textDocument/clangd.fileStatus
V[16:47:51.434] >>> {
  "jsonrpc": "2.0",
  "method": "textDocument/clangd.fileStatus",
  "params": {
    "state": "idle",
    "uri": "file:///Users/amanuelbogale/Documents/clang-learn/ch7-refactor/test/TestClass.cc"
  }
}

V[16:47:51.612] <<< {
  "id": 13,
  "jsonrpc": "2.0",
  "method": "textDocument/foldingRange",
  "params": {
    "textDocument": {
      "uri": "file:///Users/amanuelbogale/Documents/clang-learn/ch7-refactor/test/TestClass.cc"
    }
  }
}

I[16:47:51.612] <-- textDocument/foldingRange(13)
I[16:47:51.613] --> reply:textDocument/foldingRange(13) 1 ms
V[16:47:51.613] >>> {
  "id": 13,
  "jsonrpc": "2.0",
  "result": [
    {
      "endLine": 6,
      "kind": "region",
      "startCharacter": 17,
      "startLine": 0
    },
    {
      "endLine": 12,
      "kind": "region",
      "startCharacter": 12,
      "startLine": 9
    }
  ]
}

V[16:47:51.710] <<< {
  "id": 14,
  "jsonrpc": "2.0",
  "method": "textDocument/semanticTokens/full/delta",
  "params": {
    "previousResultId": "1",
    "textDocument": {
      "uri": "file:///Users/amanuelbogale/Documents/clang-learn/ch7-refactor/test/TestClass.cc"
    }
  }
}

I[16:47:51.710] <-- textDocument/semanticTokens/full/delta(14)
V[16:47:51.711] ASTWorker running SemanticHighlights on version 3 of /Users/amanuelbogale/Documents/clang-learn/ch7-refactor/test/TestClass.cc
I[16:47:51.711] --> reply:textDocument/semanticTokens/full/delta(14) 0 ms
V[16:47:51.711] >>> {
  "id": 14,
  "jsonrpc": "2.0",
  "result": {
    "edits": [],
    "resultId": "2"
  }
}

I[16:47:51.711] --> textDocument/clangd.fileStatus
V[16:47:51.712] <<< {
  "id": 15,
  "jsonrpc": "2.0",
  "method": "textDocument/documentSymbol",
  "params": {
    "textDocument": {
      "uri": "file:///Users/amanuelbogale/Documents/clang-learn/ch7-refactor/test/TestClass.cc"
    }
  }
}

I[16:47:51.712] <-- textDocument/documentSymbol(15)
V[16:47:51.712] >>> {
  "jsonrpc": "2.0",
  "method": "textDocument/clangd.fileStatus",
  "params": {
    "state": "idle",
    "uri": "file:///Users/amanuelbogale/Documents/clang-learn/ch7-refactor/test/TestClass.cc"
  }
}

V[16:47:51.712] ASTWorker running DocumentSymbols on version 3 of /Users/amanuelbogale/Documents/clang-learn/ch7-refactor/test/TestClass.cc
I[16:47:51.712] --> reply:textDocument/documentSymbol(15) 0 ms
V[16:47:51.712] >>> {
  "id": 15,
  "jsonrpc": "2.0",
  "result": [
    {
      "children": [
        {
          "detail": "()",
          "kind": 9,
          "name": "TestClass",
          "range": {
            "end": {
              "character": 15,
              "line": 2
            },
            "start": {
              "character": 2,
              "line": 2
            }
          },
          "selectionRange": {
            "end": {
              "character": 11,
              "line": 2
            },
            "start": {
              "character": 2,
              "line": 2
            }
          }
        },
        {
          "detail": "void ()",
          "kind": 6,
          "name": "pos",
          "range": {
            "end": {
              "character": 14,
              "line": 3
            },
            "start": {
              "character": 2,
              "line": 3
            }
          },
          "selectionRange": {
            "end": {
              "character": 10,
              "line": 3
            },
            "start": {
              "character": 7,
              "line": 3
            }
          }
        },
        {
          "detail": "void ()",
          "kind": 6,
          "name": "private_pos",
          "range": {
            "end": {
              "character": 22,
              "line": 6
            },
            "start": {
              "character": 2,
              "line": 6
            }
          },
          "selectionRange": {
            "end": {
              "character": 18,
              "line": 6
            },
            "start": {
              "character": 7,
              "line": 6
            }
          }
        }
      ],
      "detail": "class",
      "kind": 5,
      "name": "TestClass",
      "range": {
        "end": {
          "character": 1,
          "line": 7
        },
        "start": {
          "character": 0,
          "line": 0
        }
      },
      "selectionRange": {
        "end": {
          "character": 15,
          "line": 0
        },
        "start": {
          "character": 6,
          "line": 0
        }
      }
    },
    {
      "detail": "int ()",
      "kind": 12,
      "name": "main",
      "range": {
        "end": {
          "character": 1,
          "line": 13
        },
        "start": {
          "character": 0,
          "line": 9
        }
      },
      "selectionRange": {
        "end": {
          "character": 8,
          "line": 9
        },
        "start": {
          "character": 4,
          "line": 9
        }
      }
    }
  ]
}

I[16:47:51.713] --> textDocument/clangd.fileStatus
V[16:47:51.713] >>> {
  "jsonrpc": "2.0",
  "method": "textDocument/clangd.fileStatus",
  "params": {
    "state": "idle",
    "uri": "file:///Users/amanuelbogale/Documents/clang-learn/ch7-refactor/test/TestClass.cc"
  }
}

V[16:47:52.835] <<< {
  "id": 16,
  "jsonrpc": "2.0",
  "method": "textDocument/hover",
  "params": {
    "position": {
      "character": 8,
      "line": 3
    },
    "textDocument": {
      "uri": "file:///Users/amanuelbogale/Documents/clang-learn/ch7-refactor/test/TestClass.cc"
    }
  }
}

I[16:47:52.835] <-- textDocument/hover(16)
V[16:47:52.836] ASTWorker running Hover on version 3 of /Users/amanuelbogale/Documents/clang-learn/ch7-refactor/test/TestClass.cc
I[16:47:52.839] --> reply:textDocument/hover(16) 3 ms
V[16:47:52.839] >>> {
  "id": 16,
  "jsonrpc": "2.0",
  "result": {
    "contents": {
      "kind": "markdown",
      "value": "### instance-method `pos`  \n\n---\n→ `void`  \n\n---\n```cpp\n// In TestClass\npublic: void pos()\n```"
    },
    "range": {
      "end": {
        "character": 10,
        "line": 3
      },
      "start": {
        "character": 7,
        "line": 3
      }
    }
  }
}

I[16:47:52.839] --> textDocument/clangd.fileStatus
V[16:47:52.839] >>> {
  "jsonrpc": "2.0",
  "method": "textDocument/clangd.fileStatus",
  "params": {
    "state": "idle",
    "uri": "file:///Users/amanuelbogale/Documents/clang-learn/ch7-refactor/test/TestClass.cc"
  }
}

V[16:47:52.991] <<< {
  "id": 17,
  "jsonrpc": "2.0",
  "method": "textDocument/codeAction",
  "params": {
    "context": {
      "diagnostics": [
        {
          "message": "Method 'pos' does not have 'test_' prefix",
          "range": {
            "end": {
              "character": 2147483647,
              "line": 3
            },
            "start": {
              "character": 0,
              "line": 3
            }
          },
          "severity": 2,
          "source": "clang-tidy"
        }
      ],
      "only": [
        "quickfix"
      ],
      "triggerKind": 1
    },
    "range": {
      "end": {
        "character": 2147483647,
        "line": 3
      },
      "start": {
        "character": 2,
        "line": 3
      }
    },
    "textDocument": {
      "uri": "file:///Users/amanuelbogale/Documents/clang-learn/ch7-refactor/test/TestClass.cc"
    }
  }
}

I[16:47:52.991] <-- textDocument/codeAction(17)
V[16:47:52.991] ASTWorker running codeAction on version 3 of /Users/amanuelbogale/Documents/clang-learn/ch7-refactor/test/TestClass.cc
I[16:47:52.992] --> reply:textDocument/codeAction(17) 0 ms
V[16:47:52.992] >>> {
  "id": 17,
  "jsonrpc": "2.0",
  "result": []
}

I[16:47:52.992] --> textDocument/clangd.fileStatus
V[16:47:52.993] >>> {
  "jsonrpc": "2.0",
  "method": "textDocument/clangd.fileStatus",
  "params": {
    "state": "idle",
    "uri": "file:///Users/amanuelbogale/Documents/clang-learn/ch7-refactor/test/TestClass.cc"
  }
}

V[16:47:58.156] <<< {
  "id": 18,
  "jsonrpc": "2.0",
  "method": "textDocument/hover",
  "params": {
    "position": {
      "character": 6,
      "line": 3
    },
    "textDocument": {
      "uri": "file:///Users/amanuelbogale/Documents/clang-learn/ch7-refactor/test/TestClass.cc"
    }
  }
}

I[16:47:58.156] <-- textDocument/hover(18)
V[16:47:58.156] ASTWorker running Hover on version 3 of /Users/amanuelbogale/Documents/clang-learn/ch7-refactor/test/TestClass.cc
I[16:47:58.156] --> reply:textDocument/hover(18) 0 ms
V[16:47:58.156] >>> {
  "id": 18,
  "jsonrpc": "2.0",
  "result": null
}

I[16:47:58.156] --> textDocument/clangd.fileStatus
V[16:47:58.157] >>> {
  "jsonrpc": "2.0",
  "method": "textDocument/clangd.fileStatus",
  "params": {
    "state": "idle",
    "uri": "file:///Users/amanuelbogale/Documents/clang-learn/ch7-refactor/test/TestClass.cc"
  }
}

V[16:49:44.756] <<< {
  "id": 19,
  "jsonrpc": "2.0",
  "method": "textDocument/hover",
  "params": {
    "position": {
      "character": 15,
      "line": 0
    },
    "textDocument": {
      "uri": "file:///Users/amanuelbogale/Documents/clang-learn/ch7-refactor/test/TestClass.cc"
    }
  }
}

I[16:49:44.756] <-- textDocument/hover(19)
V[16:49:44.758] ASTWorker running Hover on version 3 of /Users/amanuelbogale/Documents/clang-learn/ch7-refactor/test/TestClass.cc
I[16:49:44.767] --> reply:textDocument/hover(19) 10 ms
V[16:49:44.768] >>> {
  "id": 19,
  "jsonrpc": "2.0",
  "result": {
    "contents": {
      "kind": "markdown",
      "value": "### class `TestClass`  \n\n---\nSize: 1 byte, alignment 1 byte  \n\n---\n```cpp\nclass TestClass {}\n```"
    },
    "range": {
      "end": {
        "character": 15,
        "line": 0
      },
      "start": {
        "character": 6,
        "line": 0
      }
    }
  }
}

I[16:49:44.768] --> textDocument/clangd.fileStatus
V[16:49:44.768] >>> {
  "jsonrpc": "2.0",
  "method": "textDocument/clangd.fileStatus",
  "params": {
    "state": "idle",
    "uri": "file:///Users/amanuelbogale/Documents/clang-learn/ch7-refactor/test/TestClass.cc"
  }
}

V[16:49:45.246] <<< {
  "id": 20,
  "jsonrpc": "2.0",
  "method": "textDocument/hover",
  "params": {
    "position": {
      "character": 9,
      "line": 3
    },
    "textDocument": {
      "uri": "file:///Users/amanuelbogale/Documents/clang-learn/ch7-refactor/test/TestClass.cc"
    }
  }
}

I[16:49:45.246] <-- textDocument/hover(20)
V[16:49:45.246] ASTWorker running Hover on version 3 of /Users/amanuelbogale/Documents/clang-learn/ch7-refactor/test/TestClass.cc
I[16:49:45.250] --> reply:textDocument/hover(20) 3 ms
V[16:49:45.250] >>> {
  "id": 20,
  "jsonrpc": "2.0",
  "result": {
    "contents": {
      "kind": "markdown",
      "value": "### instance-method `pos`  \n\n---\n→ `void`  \n\n---\n```cpp\n// In TestClass\npublic: void pos()\n```"
    },
    "range": {
      "end": {
        "character": 10,
        "line": 3
      },
      "start": {
        "character": 7,
        "line": 3
      }
    }
  }
}

I[16:49:45.250] --> textDocument/clangd.fileStatus
V[16:49:45.250] >>> {
  "jsonrpc": "2.0",
  "method": "textDocument/clangd.fileStatus",
  "params": {
    "state": "idle",
    "uri": "file:///Users/amanuelbogale/Documents/clang-learn/ch7-refactor/test/TestClass.cc"
  }
}

V[16:49:45.401] <<< {
  "id": 21,
  "jsonrpc": "2.0",
  "method": "textDocument/codeAction",
  "params": {
    "context": {
      "diagnostics": [
        {
          "message": "Method 'pos' does not have 'test_' prefix",
          "range": {
            "end": {
              "character": 2147483647,
              "line": 3
            },
            "start": {
              "character": 0,
              "line": 3
            }
          },
          "severity": 2,
          "source": "clang-tidy"
        }
      ],
      "only": [
        "quickfix"
      ],
      "triggerKind": 1
    },
    "range": {
      "end": {
        "character": 2147483647,
        "line": 3
      },
      "start": {
        "character": 2,
        "line": 3
      }
    },
    "textDocument": {
      "uri": "file:///Users/amanuelbogale/Documents/clang-learn/ch7-refactor/test/TestClass.cc"
    }
  }
}

I[16:49:45.401] <-- textDocument/codeAction(21)
V[16:49:45.402] ASTWorker running codeAction on version 3 of /Users/amanuelbogale/Documents/clang-learn/ch7-refactor/test/TestClass.cc
I[16:49:45.402] --> reply:textDocument/codeAction(21) 0 ms
V[16:49:45.402] >>> {
  "id": 21,
  "jsonrpc": "2.0",
  "result": []
}

I[16:49:45.403] --> textDocument/clangd.fileStatus
V[16:49:45.403] >>> {
  "jsonrpc": "2.0",
  "method": "textDocument/clangd.fileStatus",
  "params": {
    "state": "idle",
    "uri": "file:///Users/amanuelbogale/Documents/clang-learn/ch7-refactor/test/TestClass.cc"
  }
}

V[16:49:46.915] <<< {
  "id": 22,
  "jsonrpc": "2.0",
  "method": "textDocument/documentHighlight",
  "params": {
    "position": {
      "character": 2,
      "line": 3
    },
    "textDocument": {
      "uri": "file:///Users/amanuelbogale/Documents/clang-learn/ch7-refactor/test/TestClass.cc"
    }
  }
}

I[16:49:46.915] <-- textDocument/documentHighlight(22)
V[16:49:46.916] ASTWorker running Highlights on version 3 of /Users/amanuelbogale/Documents/clang-learn/ch7-refactor/test/TestClass.cc
I[16:49:46.917] --> reply:textDocument/documentHighlight(22) 1 ms
V[16:49:46.917] >>> {
  "id": 22,
  "jsonrpc": "2.0",
  "result": []
}

I[16:49:46.917] --> textDocument/clangd.fileStatus
V[16:49:46.917] >>> {
  "jsonrpc": "2.0",
  "method": "textDocument/clangd.fileStatus",
  "params": {
    "state": "idle",
    "uri": "file:///Users/amanuelbogale/Documents/clang-learn/ch7-refactor/test/TestClass.cc"
  }
}

V[16:49:46.928] <<< {
  "id": 23,
  "jsonrpc": "2.0",
  "method": "textDocument/inlayHint",
  "params": {
    "range": {
      "end": {
        "character": 1,
        "line": 13
      },
      "start": {
        "character": 0,
        "line": 0
      }
    },
    "textDocument": {
      "uri": "file:///Users/amanuelbogale/Documents/clang-learn/ch7-refactor/test/TestClass.cc"
    }
  }
}

I[16:49:46.928] <-- textDocument/inlayHint(23)
V[16:49:46.929] ASTWorker running InlayHints on version 3 of /Users/amanuelbogale/Documents/clang-learn/ch7-refactor/test/TestClass.cc
I[16:49:46.929] --> reply:textDocument/inlayHint(23) 0 ms
V[16:49:46.929] >>> {
  "id": 23,
  "jsonrpc": "2.0",
  "result": []
}

I[16:49:46.929] --> textDocument/clangd.fileStatus
V[16:49:46.929] >>> {
  "jsonrpc": "2.0",
  "method": "textDocument/clangd.fileStatus",
  "params": {
    "state": "idle",
    "uri": "file:///Users/amanuelbogale/Documents/clang-learn/ch7-refactor/test/TestClass.cc"
  }
}

V[16:49:47.157] <<< {
  "id": 24,
  "jsonrpc": "2.0",
  "method": "textDocument/codeAction",
  "params": {
    "context": {
      "diagnostics": [
        {
          "message": "Method 'pos' does not have 'test_' prefix",
          "range": {
            "end": {
              "character": 2147483647,
              "line": 3
            },
            "start": {
              "character": 0,
              "line": 3
            }
          },
          "severity": 2,
          "source": "clang-tidy"
        }
      ],
      "triggerKind": 2
    },
    "range": {
      "end": {
        "character": 2,
        "line": 3
      },
      "start": {
        "character": 2,
        "line": 3
      }
    },
    "textDocument": {
      "uri": "file:///Users/amanuelbogale/Documents/clang-learn/ch7-refactor/test/TestClass.cc"
    }
  }
}

I[16:49:47.157] <-- textDocument/codeAction(24)
V[16:49:47.157] ASTWorker running codeAction on version 3 of /Users/amanuelbogale/Documents/clang-learn/ch7-refactor/test/TestClass.cc
I[16:49:47.157] --> reply:textDocument/codeAction(24) 0 ms
V[16:49:47.157] >>> {
  "id": 24,
  "jsonrpc": "2.0",
  "result": []
}

I[16:49:47.157] --> textDocument/clangd.fileStatus
V[16:49:47.157] >>> {
  "jsonrpc": "2.0",
  "method": "textDocument/clangd.fileStatus",
  "params": {
    "state": "idle",
    "uri": "file:///Users/amanuelbogale/Documents/clang-learn/ch7-refactor/test/TestClass.cc"
  }
}

V[16:49:51.332] <<< {
  "id": 25,
  "jsonrpc": "2.0",
  "method": "textDocument/documentHighlight",
  "params": {
    "position": {
      "character": 2,
      "line": 11
    },
    "textDocument": {
      "uri": "file:///Users/amanuelbogale/Documents/clang-learn/ch7-refactor/test/TestClass.cc"
    }
  }
}

I[16:49:51.332] <-- textDocument/documentHighlight(25)
V[16:49:51.333] ASTWorker running Highlights on version 3 of /Users/amanuelbogale/Documents/clang-learn/ch7-refactor/test/TestClass.cc
I[16:49:51.333] --> reply:textDocument/documentHighlight(25) 0 ms
V[16:49:51.333] >>> {
  "id": 25,
  "jsonrpc": "2.0",
  "result": [
    {
      "kind": 1,
      "range": {
        "end": {
          "character": 16,
          "line": 10
        },
        "start": {
          "character": 12,
          "line": 10
        }
      }
    },
    {
      "kind": 1,
      "range": {
        "end": {
          "character": 6,
          "line": 11
        },
        "start": {
          "character": 2,
          "line": 11
        }
      }
    }
  ]
}

I[16:49:51.333] --> textDocument/clangd.fileStatus
V[16:49:51.333] >>> {
  "jsonrpc": "2.0",
  "method": "textDocument/clangd.fileStatus",
  "params": {
    "state": "idle",
    "uri": "file:///Users/amanuelbogale/Documents/clang-learn/ch7-refactor/test/TestClass.cc"
  }
}

V[16:49:51.352] <<< {
  "id": 26,
  "jsonrpc": "2.0",
  "method": "textDocument/inlayHint",
  "params": {
    "range": {
      "end": {
        "character": 1,
        "line": 13
      },
      "start": {
        "character": 0,
        "line": 0
      }
    },
    "textDocument": {
      "uri": "file:///Users/amanuelbogale/Documents/clang-learn/ch7-refactor/test/TestClass.cc"
    }
  }
}

I[16:49:51.352] <-- textDocument/inlayHint(26)
V[16:49:51.352] ASTWorker running InlayHints on version 3 of /Users/amanuelbogale/Documents/clang-learn/ch7-refactor/test/TestClass.cc
I[16:49:51.353] --> reply:textDocument/inlayHint(26) 0 ms
V[16:49:51.353] >>> {
  "id": 26,
  "jsonrpc": "2.0",
  "result": []
}

I[16:49:51.353] --> textDocument/clangd.fileStatus
V[16:49:51.353] >>> {
  "jsonrpc": "2.0",
  "method": "textDocument/clangd.fileStatus",
  "params": {
    "state": "idle",
    "uri": "file:///Users/amanuelbogale/Documents/clang-learn/ch7-refactor/test/TestClass.cc"
  }
}

V[16:49:51.579] <<< {
  "id": 27,
  "jsonrpc": "2.0",
  "method": "textDocument/codeAction",
  "params": {
    "context": {
      "diagnostics": [
        {
          "message": "Call 'pos' does not have 'test_' prefix",
          "range": {
            "end": {
              "character": 2147483647,
              "line": 11
            },
            "start": {
              "character": 0,
              "line": 11
            }
          },
          "severity": 2,
          "source": "clang-tidy"
        }
      ],
      "triggerKind": 2
    },
    "range": {
      "end": {
        "character": 2,
        "line": 11
      },
      "start": {
        "character": 2,
        "line": 11
      }
    },
    "textDocument": {
      "uri": "file:///Users/amanuelbogale/Documents/clang-learn/ch7-refactor/test/TestClass.cc"
    }
  }
}

I[16:49:51.579] <-- textDocument/codeAction(27)
V[16:49:51.580] ASTWorker running codeAction on version 3 of /Users/amanuelbogale/Documents/clang-learn/ch7-refactor/test/TestClass.cc
I[16:49:51.580] --> reply:textDocument/codeAction(27) 0 ms
V[16:49:51.580] >>> {
  "id": 27,
  "jsonrpc": "2.0",
  "result": []
}

I[16:49:51.580] --> textDocument/clangd.fileStatus
V[16:49:51.581] >>> {
  "jsonrpc": "2.0",
  "method": "textDocument/clangd.fileStatus",
  "params": {
    "state": "idle",
    "uri": "file:///Users/amanuelbogale/Documents/clang-learn/ch7-refactor/test/TestClass.cc"
  }
}

V[16:49:55.946] <<< {
  "id": 28,
  "jsonrpc": "2.0",
  "method": "textDocument/codeAction",
  "params": {
    "context": {
      "diagnostics": [
        {
          "message": "Method 'pos' does not have 'test_' prefix",
          "range": {
            "end": {
              "character": 2147483647,
              "line": 3
            },
            "start": {
              "character": 0,
              "line": 3
            }
          },
          "severity": 2,
          "source": "clang-tidy"
        }
      ],
      "only": [
        "quickfix"
      ],
      "triggerKind": 1
    },
    "range": {
      "end": {
        "character": 2147483647,
        "line": 3
      },
      "start": {
        "character": 2,
        "line": 3
      }
    },
    "textDocument": {
      "uri": "file:///Users/amanuelbogale/Documents/clang-learn/ch7-refactor/test/TestClass.cc"
    }
  }
}

I[16:49:55.946] <-- textDocument/codeAction(28)
V[16:49:55.946] ASTWorker running codeAction on version 3 of /Users/amanuelbogale/Documents/clang-learn/ch7-refactor/test/TestClass.cc
I[16:49:55.947] --> reply:textDocument/codeAction(28) 0 ms
V[16:49:55.947] >>> {
  "id": 28,
  "jsonrpc": "2.0",
  "result": []
}

I[16:49:55.947] --> textDocument/clangd.fileStatus
V[16:49:55.947] >>> {
  "jsonrpc": "2.0",
  "method": "textDocument/clangd.fileStatus",
  "params": {
    "state": "idle",
    "uri": "file:///Users/amanuelbogale/Documents/clang-learn/ch7-refactor/test/TestClass.cc"
  }
}

V[16:49:58.658] <<< {
  "id": 29,
  "jsonrpc": "2.0",
  "method": "textDocument/inlayHint",
  "params": {
    "range": {
      "end": {
        "character": 1,
        "line": 13
      },
      "start": {
        "character": 0,
        "line": 0
      }
    },
    "textDocument": {
      "uri": "file:///Users/amanuelbogale/Documents/clang-learn/ch7-refactor/test/TestClass.cc"
    }
  }
}

I[16:49:58.658] <-- textDocument/inlayHint(29)
V[16:49:58.659] ASTWorker running InlayHints on version 3 of /Users/amanuelbogale/Documents/clang-learn/ch7-refactor/test/TestClass.cc
I[16:49:58.659] --> reply:textDocument/inlayHint(29) 0 ms
V[16:49:58.659] >>> {
  "id": 29,
  "jsonrpc": "2.0",
  "result": []
}

I[16:49:58.659] --> textDocument/clangd.fileStatus
V[16:49:58.659] >>> {
  "jsonrpc": "2.0",
  "method": "textDocument/clangd.fileStatus",
  "params": {
    "state": "idle",
    "uri": "file:///Users/amanuelbogale/Documents/clang-learn/ch7-refactor/test/TestClass.cc"
  }
}

V[16:49:58.883] <<< {
  "id": 30,
  "jsonrpc": "2.0",
  "method": "textDocument/codeAction",
  "params": {
    "context": {
      "diagnostics": [
        {
          "message": "Method 'pos' does not have 'test_' prefix",
          "range": {
            "end": {
              "character": 2147483647,
              "line": 3
            },
            "start": {
              "character": 0,
              "line": 3
            }
          },
          "severity": 2,
          "source": "clang-tidy"
        }
      ],
      "triggerKind": 2
    },
    "range": {
      "end": {
        "character": 15,
        "line": 3
      },
      "start": {
        "character": 2,
        "line": 3
      }
    },
    "textDocument": {
      "uri": "file:///Users/amanuelbogale/Documents/clang-learn/ch7-refactor/test/TestClass.cc"
    }
  }
}

I[16:49:58.884] <-- textDocument/codeAction(30)
V[16:49:58.884] ASTWorker running codeAction on version 3 of /Users/amanuelbogale/Documents/clang-learn/ch7-refactor/test/TestClass.cc
I[16:49:58.884] --> reply:textDocument/codeAction(30) 0 ms
V[16:49:58.884] >>> {
  "id": 30,
  "jsonrpc": "2.0",
  "result": []
}

I[16:49:58.885] --> textDocument/clangd.fileStatus
V[16:49:58.885] >>> {
  "jsonrpc": "2.0",
  "method": "textDocument/clangd.fileStatus",
  "params": {
    "state": "idle",
    "uri": "file:///Users/amanuelbogale/Documents/clang-learn/ch7-refactor/test/TestClass.cc"
  }
}

V[16:50:39.429] <<< {
  "id": 31,
  "jsonrpc": "2.0",
  "method": "textDocument/hover",
  "params": {
    "position": {
      "character": 4,
      "line": 11
    },
    "textDocument": {
      "uri": "file:///Users/amanuelbogale/Documents/clang-learn/ch7-refactor/test/TestClass.cc"
    }
  }
}

I[16:50:39.429] <-- textDocument/hover(31)
V[16:50:39.429] ASTWorker running Hover on version 3 of /Users/amanuelbogale/Documents/clang-learn/ch7-refactor/test/TestClass.cc
I[16:50:39.433] --> reply:textDocument/hover(31) 3 ms
V[16:50:39.433] >>> {
  "id": 31,
  "jsonrpc": "2.0",
  "result": {
    "contents": {
      "kind": "markdown",
      "value": "### variable `test`  \n\n---\nType: `TestClass`  \n\n---\n```cpp\n// In main\nTestClass test\n```"
    },
    "range": {
      "end": {
        "character": 6,
        "line": 11
      },
      "start": {
        "character": 2,
        "line": 11
      }
    }
  }
}

I[16:50:39.433] --> textDocument/clangd.fileStatus
V[16:50:39.433] >>> {
  "jsonrpc": "2.0",
  "method": "textDocument/clangd.fileStatus",
  "params": {
    "state": "idle",
    "uri": "file:///Users/amanuelbogale/Documents/clang-learn/ch7-refactor/test/TestClass.cc"
  }
}

V[16:50:39.584] <<< {
  "id": 32,
  "jsonrpc": "2.0",
  "method": "textDocument/codeAction",
  "params": {
    "context": {
      "diagnostics": [
        {
          "message": "Call 'pos' does not have 'test_' prefix",
          "range": {
            "end": {
              "character": 2147483647,
              "line": 11
            },
            "start": {
              "character": 0,
              "line": 11
            }
          },
          "severity": 2,
          "source": "clang-tidy"
        }
      ],
      "only": [
        "quickfix"
      ],
      "triggerKind": 1
    },
    "range": {
      "end": {
        "character": 2147483647,
        "line": 11
      },
      "start": {
        "character": 2,
        "line": 11
      }
    },
    "textDocument": {
      "uri": "file:///Users/amanuelbogale/Documents/clang-learn/ch7-refactor/test/TestClass.cc"
    }
  }
}

I[16:50:39.584] <-- textDocument/codeAction(32)
V[16:50:39.585] ASTWorker running codeAction on version 3 of /Users/amanuelbogale/Documents/clang-learn/ch7-refactor/test/TestClass.cc
I[16:50:39.586] --> reply:textDocument/codeAction(32) 1 ms
V[16:50:39.586] >>> {
  "id": 32,
  "jsonrpc": "2.0",
  "result": []
}

I[16:50:39.586] --> textDocument/clangd.fileStatus
V[16:50:39.586] >>> {
  "jsonrpc": "2.0",
  "method": "textDocument/clangd.fileStatus",
  "params": {
    "state": "idle",
    "uri": "file:///Users/amanuelbogale/Documents/clang-learn/ch7-refactor/test/TestClass.cc"
  }
}

V[16:50:43.382] <<< {
  "id": 33,
  "jsonrpc": "2.0",
  "method": "textDocument/codeAction",
  "params": {
    "context": {
      "diagnostics": [
        {
          "message": "Call 'pos' does not have 'test_' prefix",
          "range": {
            "end": {
              "character": 2147483647,
              "line": 11
            },
            "start": {
              "character": 0,
              "line": 11
            }
          },
          "severity": 2,
          "source": "clang-tidy"
        }
      ],
      "triggerKind": 2
    },
    "range": {
      "end": {
        "character": 12,
        "line": 11
      },
      "start": {
        "character": 12,
        "line": 11
      }
    },
    "textDocument": {
      "uri": "file:///Users/amanuelbogale/Documents/clang-learn/ch7-refactor/test/TestClass.cc"
    }
  }
}

I[16:50:43.383] <-- textDocument/codeAction(33)
V[16:50:43.383] ASTWorker running codeAction on version 3 of /Users/amanuelbogale/Documents/clang-learn/ch7-refactor/test/TestClass.cc
I[16:50:43.383] --> reply:textDocument/codeAction(33) 0 ms
V[16:50:43.383] >>> {
  "id": 33,
  "jsonrpc": "2.0",
  "result": []
}

I[16:50:43.383] --> textDocument/clangd.fileStatus
V[16:50:43.384] >>> {
  "jsonrpc": "2.0",
  "method": "textDocument/clangd.fileStatus",
  "params": {
    "state": "idle",
    "uri": "file:///Users/amanuelbogale/Documents/clang-learn/ch7-refactor/test/TestClass.cc"
  }
}

V[16:50:44.140] <<< {
  "id": 34,
  "jsonrpc": "2.0",
  "method": "textDocument/hover",
  "params": {
    "position": {
      "character": 8,
      "line": 3
    },
    "textDocument": {
      "uri": "file:///Users/amanuelbogale/Documents/clang-learn/ch7-refactor/test/TestClass.cc"
    }
  }
}

I[16:50:44.140] <-- textDocument/hover(34)
V[16:50:44.140] ASTWorker running Hover on version 3 of /Users/amanuelbogale/Documents/clang-learn/ch7-refactor/test/TestClass.cc
I[16:50:44.144] --> reply:textDocument/hover(34) 3 ms
V[16:50:44.144] >>> {
  "id": 34,
  "jsonrpc": "2.0",
  "result": {
    "contents": {
      "kind": "markdown",
      "value": "### instance-method `pos`  \n\n---\n→ `void`  \n\n---\n```cpp\n// In TestClass\npublic: void pos()\n```"
    },
    "range": {
      "end": {
        "character": 10,
        "line": 3
      },
      "start": {
        "character": 7,
        "line": 3
      }
    }
  }
}

I[16:50:44.144] --> textDocument/clangd.fileStatus
V[16:50:44.144] >>> {
  "jsonrpc": "2.0",
  "method": "textDocument/clangd.fileStatus",
  "params": {
    "state": "idle",
    "uri": "file:///Users/amanuelbogale/Documents/clang-learn/ch7-refactor/test/TestClass.cc"
  }
}

V[16:50:44.293] <<< {
  "id": 35,
  "jsonrpc": "2.0",
  "method": "textDocument/codeAction",
  "params": {
    "context": {
      "diagnostics": [
        {
          "message": "Method 'pos' does not have 'test_' prefix",
          "range": {
            "end": {
              "character": 2147483647,
              "line": 3
            },
            "start": {
              "character": 0,
              "line": 3
            }
          },
          "severity": 2,
          "source": "clang-tidy"
        }
      ],
      "only": [
        "quickfix"
      ],
      "triggerKind": 1
    },
    "range": {
      "end": {
        "character": 2147483647,
        "line": 3
      },
      "start": {
        "character": 2,
        "line": 3
      }
    },
    "textDocument": {
      "uri": "file:///Users/amanuelbogale/Documents/clang-learn/ch7-refactor/test/TestClass.cc"
    }
  }
}

I[16:50:44.293] <-- textDocument/codeAction(35)
V[16:50:44.294] ASTWorker running codeAction on version 3 of /Users/amanuelbogale/Documents/clang-learn/ch7-refactor/test/TestClass.cc
I[16:50:44.296] --> reply:textDocument/codeAction(35) 2 ms
V[16:50:44.296] >>> {
  "id": 35,
  "jsonrpc": "2.0",
  "result": []
}

I[16:50:44.296] --> textDocument/clangd.fileStatus
V[16:50:44.300] >>> {
  "jsonrpc": "2.0",
  "method": "textDocument/clangd.fileStatus",
  "params": {
    "state": "idle",
    "uri": "file:///Users/amanuelbogale/Documents/clang-learn/ch7-refactor/test/TestClass.cc"
  }
}

V[16:52:10.476] <<< {
  "id": 36,
  "jsonrpc": "2.0",
  "method": "textDocument/hover",
  "params": {
    "position": {
      "character": 10,
      "line": 12
    },
    "textDocument": {
      "uri": "file:///Users/amanuelbogale/Documents/clang-learn/ch7-refactor/test/TestClass.cc"
    }
  }
}

I[16:52:10.476] <-- textDocument/hover(36)
V[16:52:10.478] ASTWorker running Hover on version 3 of /Users/amanuelbogale/Documents/clang-learn/ch7-refactor/test/TestClass.cc
I[16:52:10.478] --> reply:textDocument/hover(36) 2 ms
V[16:52:10.479] >>> {
  "id": 36,
  "jsonrpc": "2.0",
  "result": null
}

I[16:52:10.479] --> textDocument/clangd.fileStatus
V[16:52:10.479] >>> {
  "jsonrpc": "2.0",
  "method": "textDocument/clangd.fileStatus",
  "params": {
    "state": "idle",
    "uri": "file:///Users/amanuelbogale/Documents/clang-learn/ch7-refactor/test/TestClass.cc"
  }
}

V[16:52:19.470] <<< {
  "id": 37,
  "jsonrpc": "2.0",
  "method": "textDocument/codeAction",
  "params": {
    "context": {
      "diagnostics": [
        {
          "message": "Method 'pos' does not have 'test_' prefix",
          "range": {
            "end": {
              "character": 2147483647,
              "line": 3
            },
            "start": {
              "character": 0,
              "line": 3
            }
          },
          "severity": 2,
          "source": "clang-tidy"
        }
      ],
      "only": [
        "quickfix"
      ],
      "triggerKind": 1
    },
    "range": {
      "end": {
        "character": 2147483647,
        "line": 3
      },
      "start": {
        "character": 2,
        "line": 3
      }
    },
    "textDocument": {
      "uri": "file:///Users/amanuelbogale/Documents/clang-learn/ch7-refactor/test/TestClass.cc"
    }
  }
}

I[16:52:19.471] <-- textDocument/codeAction(37)
V[16:52:19.471] ASTWorker running codeAction on version 3 of /Users/amanuelbogale/Documents/clang-learn/ch7-refactor/test/TestClass.cc
I[16:52:19.472] --> reply:textDocument/codeAction(37) 1 ms
V[16:52:19.472] >>> {
  "id": 37,
  "jsonrpc": "2.0",
  "result": []
}

I[16:52:19.472] --> textDocument/clangd.fileStatus
V[16:52:19.472] >>> {
  "jsonrpc": "2.0",
  "method": "textDocument/clangd.fileStatus",
  "params": {
    "state": "idle",
    "uri": "file:///Users/amanuelbogale/Documents/clang-learn/ch7-refactor/test/TestClass.cc"
  }
}

V[16:52:22.552] <<< {
  "id": 38,
  "jsonrpc": "2.0",
  "method": "textDocument/codeAction",
  "params": {
    "context": {
      "diagnostics": [
        {
          "message": "Call 'pos' does not have 'test_' prefix",
          "range": {
            "end": {
              "character": 2147483647,
              "line": 11
            },
            "start": {
              "character": 0,
              "line": 11
            }
          },
          "severity": 2,
          "source": "clang-tidy"
        }
      ],
      "only": [
        "quickfix"
      ],
      "triggerKind": 1
    },
    "range": {
      "end": {
        "character": 2147483647,
        "line": 11
      },
      "start": {
        "character": 2,
        "line": 11
      }
    },
    "textDocument": {
      "uri": "file:///Users/amanuelbogale/Documents/clang-learn/ch7-refactor/test/TestClass.cc"
    }
  }
}

I[16:52:22.552] <-- textDocument/codeAction(38)
V[16:52:22.552] ASTWorker running codeAction on version 3 of /Users/amanuelbogale/Documents/clang-learn/ch7-refactor/test/TestClass.cc
I[16:52:22.553] --> reply:textDocument/codeAction(38) 0 ms
V[16:52:22.553] >>> {
  "id": 38,
  "jsonrpc": "2.0",
  "result": []
}

I[16:52:22.553] --> textDocument/clangd.fileStatus
V[16:52:22.553] >>> {
  "jsonrpc": "2.0",
  "method": "textDocument/clangd.fileStatus",
  "params": {
    "state": "idle",
    "uri": "file:///Users/amanuelbogale/Documents/clang-learn/ch7-refactor/test/TestClass.cc"
  }
}

V[16:52:22.803] <<< {
  "id": 39,
  "jsonrpc": "2.0",
  "method": "textDocument/codeAction",
  "params": {
    "context": {
      "diagnostics": [
        {
          "message": "Call 'pos' does not have 'test_' prefix",
          "range": {
            "end": {
              "character": 2147483647,
              "line": 11
            },
            "start": {
              "character": 0,
              "line": 11
            }
          },
          "severity": 2,
          "source": "clang-tidy"
        }
      ],
      "triggerKind": 2
    },
    "range": {
      "end": {
        "character": 13,
        "line": 11
      },
      "start": {
        "character": 2,
        "line": 11
      }
    },
    "textDocument": {
      "uri": "file:///Users/amanuelbogale/Documents/clang-learn/ch7-refactor/test/TestClass.cc"
    }
  }
}

I[16:52:22.804] <-- textDocument/codeAction(39)
V[16:52:22.804] ASTWorker running codeAction on version 3 of /Users/amanuelbogale/Documents/clang-learn/ch7-refactor/test/TestClass.cc
I[16:52:22.804] --> reply:textDocument/codeAction(39) 0 ms
V[16:52:22.804] >>> {
  "id": 39,
  "jsonrpc": "2.0",
  "result": []
}

I[16:52:22.804] --> textDocument/clangd.fileStatus
V[16:52:22.804] >>> {
  "jsonrpc": "2.0",
  "method": "textDocument/clangd.fileStatus",
  "params": {
    "state": "idle",
    "uri": "file:///Users/amanuelbogale/Documents/clang-learn/ch7-refactor/test/TestClass.cc"
  }
}

V[16:52:23.334] <<< {
  "id": 40,
  "jsonrpc": "2.0",
  "method": "textDocument/codeAction",
  "params": {
    "context": {
      "diagnostics": [
        {
          "message": "Method 'pos' does not have 'test_' prefix",
          "range": {
            "end": {
              "character": 2147483647,
              "line": 3
            },
            "start": {
              "character": 0,
              "line": 3
            }
          },
          "severity": 2,
          "source": "clang-tidy"
        }
      ],
      "triggerKind": 2
    },
    "range": {
      "end": {
        "character": 15,
        "line": 3
      },
      "start": {
        "character": 2,
        "line": 3
      }
    },
    "textDocument": {
      "uri": "file:///Users/amanuelbogale/Documents/clang-learn/ch7-refactor/test/TestClass.cc"
    }
  }
}

I[16:52:23.334] <-- textDocument/codeAction(40)
V[16:52:23.334] ASTWorker running codeAction on version 3 of /Users/amanuelbogale/Documents/clang-learn/ch7-refactor/test/TestClass.cc
I[16:52:23.334] --> reply:textDocument/codeAction(40) 0 ms
V[16:52:23.334] >>> {
  "id": 40,
  "jsonrpc": "2.0",
  "result": []
}

I[16:52:23.335] --> textDocument/clangd.fileStatus
V[16:52:23.335] >>> {
  "jsonrpc": "2.0",
  "method": "textDocument/clangd.fileStatus",
  "params": {
    "state": "idle",
    "uri": "file:///Users/amanuelbogale/Documents/clang-learn/ch7-refactor/test/TestClass.cc"
  }
}

V[16:52:26.393] <<< {
  "id": 41,
  "jsonrpc": "2.0",
  "method": "textDocument/hover",
  "params": {
    "position": {
      "character": 8,
      "line": 3
    },
    "textDocument": {
      "uri": "file:///Users/amanuelbogale/Documents/clang-learn/ch7-refactor/test/TestClass.cc"
    }
  }
}

I[16:52:26.393] <-- textDocument/hover(41)
V[16:52:26.394] ASTWorker running Hover on version 3 of /Users/amanuelbogale/Documents/clang-learn/ch7-refactor/test/TestClass.cc
I[16:52:26.396] --> reply:textDocument/hover(41) 2 ms
V[16:52:26.396] >>> {
  "id": 41,
  "jsonrpc": "2.0",
  "result": {
    "contents": {
      "kind": "markdown",
      "value": "### instance-method `pos`  \n\n---\n→ `void`  \n\n---\n```cpp\n// In TestClass\npublic: void pos()\n```"
    },
    "range": {
      "end": {
        "character": 10,
        "line": 3
      },
      "start": {
        "character": 7,
        "line": 3
      }
    }
  }
}

I[16:52:26.396] --> textDocument/clangd.fileStatus
V[16:52:26.396] >>> {
  "jsonrpc": "2.0",
  "method": "textDocument/clangd.fileStatus",
  "params": {
    "state": "idle",
    "uri": "file:///Users/amanuelbogale/Documents/clang-learn/ch7-refactor/test/TestClass.cc"
  }
}

V[16:52:26.544] <<< {
  "id": 42,
  "jsonrpc": "2.0",
  "method": "textDocument/codeAction",
  "params": {
    "context": {
      "diagnostics": [
        {
          "message": "Method 'pos' does not have 'test_' prefix",
          "range": {
            "end": {
              "character": 2147483647,
              "line": 3
            },
            "start": {
              "character": 0,
              "line": 3
            }
          },
          "severity": 2,
          "source": "clang-tidy"
        }
      ],
      "only": [
        "quickfix"
      ],
      "triggerKind": 1
    },
    "range": {
      "end": {
        "character": 2147483647,
        "line": 3
      },
      "start": {
        "character": 2,
        "line": 3
      }
    },
    "textDocument": {
      "uri": "file:///Users/amanuelbogale/Documents/clang-learn/ch7-refactor/test/TestClass.cc"
    }
  }
}

I[16:52:26.545] <-- textDocument/codeAction(42)
V[16:52:26.545] ASTWorker running codeAction on version 3 of /Users/amanuelbogale/Documents/clang-learn/ch7-refactor/test/TestClass.cc
I[16:52:26.545] --> reply:textDocument/codeAction(42) 0 ms
V[16:52:26.545] >>> {
  "id": 42,
  "jsonrpc": "2.0",
  "result": []
}

I[16:52:26.545] --> textDocument/clangd.fileStatus
V[16:52:26.545] >>> {
  "jsonrpc": "2.0",
  "method": "textDocument/clangd.fileStatus",
  "params": {
    "state": "idle",
    "uri": "file:///Users/amanuelbogale/Documents/clang-learn/ch7-refactor/test/TestClass.cc"
  }
}

V[16:52:27.007] <<< {
  "id": 43,
  "jsonrpc": "2.0",
  "method": "textDocument/hover",
  "params": {
    "position": {
      "character": 9,
      "line": 3
    },
    "textDocument": {
      "uri": "file:///Users/amanuelbogale/Documents/clang-learn/ch7-refactor/test/TestClass.cc"
    }
  }
}

I[16:52:27.008] <-- textDocument/hover(43)
V[16:52:27.008] ASTWorker running Hover on version 3 of /Users/amanuelbogale/Documents/clang-learn/ch7-refactor/test/TestClass.cc
I[16:52:27.014] --> reply:textDocument/hover(43) 6 ms
V[16:52:27.014] >>> {
  "id": 43,
  "jsonrpc": "2.0",
  "result": {
    "contents": {
      "kind": "markdown",
      "value": "### instance-method `pos`  \n\n---\n→ `void`  \n\n---\n```cpp\n// In TestClass\npublic: void pos()\n```"
    },
    "range": {
      "end": {
        "character": 10,
        "line": 3
      },
      "start": {
        "character": 7,
        "line": 3
      }
    }
  }
}

I[16:52:27.014] --> textDocument/clangd.fileStatus
V[16:52:27.014] >>> {
  "jsonrpc": "2.0",
  "method": "textDocument/clangd.fileStatus",
  "params": {
    "state": "idle",
    "uri": "file:///Users/amanuelbogale/Documents/clang-learn/ch7-refactor/test/TestClass.cc"
  }
}

V[16:52:27.161] <<< {
  "id": 44,
  "jsonrpc": "2.0",
  "method": "textDocument/codeAction",
  "params": {
    "context": {
      "diagnostics": [
        {
          "message": "Method 'pos' does not have 'test_' prefix",
          "range": {
            "end": {
              "character": 2147483647,
              "line": 3
            },
            "start": {
              "character": 0,
              "line": 3
            }
          },
          "severity": 2,
          "source": "clang-tidy"
        }
      ],
      "only": [
        "quickfix"
      ],
      "triggerKind": 1
    },
    "range": {
      "end": {
        "character": 2147483647,
        "line": 3
      },
      "start": {
        "character": 2,
        "line": 3
      }
    },
    "textDocument": {
      "uri": "file:///Users/amanuelbogale/Documents/clang-learn/ch7-refactor/test/TestClass.cc"
    }
  }
}

I[16:52:27.162] <-- textDocument/codeAction(44)
V[16:52:27.163] ASTWorker running codeAction on version 3 of /Users/amanuelbogale/Documents/clang-learn/ch7-refactor/test/TestClass.cc
I[16:52:27.164] --> reply:textDocument/codeAction(44) 2 ms
V[16:52:27.164] >>> {
  "id": 44,
  "jsonrpc": "2.0",
  "result": []
}

I[16:52:27.165] --> textDocument/clangd.fileStatus
V[16:52:27.165] >>> {
  "jsonrpc": "2.0",
  "method": "textDocument/clangd.fileStatus",
  "params": {
    "state": "idle",
    "uri": "file:///Users/amanuelbogale/Documents/clang-learn/ch7-refactor/test/TestClass.cc"
  }
}

V[16:52:30.375] <<< {
  "id": 45,
  "jsonrpc": "2.0",
  "method": "textDocument/inlayHint",
  "params": {
    "range": {
      "end": {
        "character": 1,
        "line": 13
      },
      "start": {
        "character": 0,
        "line": 0
      }
    },
    "textDocument": {
      "uri": "file:///Users/amanuelbogale/Documents/clang-learn/ch7-refactor/test/TestClass.cc"
    }
  }
}

I[16:52:30.376] <-- textDocument/inlayHint(45)
V[16:52:30.376] ASTWorker running InlayHints on version 3 of /Users/amanuelbogale/Documents/clang-learn/ch7-refactor/test/TestClass.cc
I[16:52:30.376] --> reply:textDocument/inlayHint(45) 0 ms
V[16:52:30.376] >>> {
  "id": 45,
  "jsonrpc": "2.0",
  "result": []
}

I[16:52:30.376] --> textDocument/clangd.fileStatus
V[16:52:30.376] >>> {
  "jsonrpc": "2.0",
  "method": "textDocument/clangd.fileStatus",
  "params": {
    "state": "idle",
    "uri": "file:///Users/amanuelbogale/Documents/clang-learn/ch7-refactor/test/TestClass.cc"
  }
}

V[16:52:30.603] <<< {
  "id": 46,
  "jsonrpc": "2.0",
  "method": "textDocument/codeAction",
  "params": {
    "context": {
      "diagnostics": [
        {
          "message": "Method 'pos' does not have 'test_' prefix",
          "range": {
            "end": {
              "character": 2147483647,
              "line": 3
            },
            "start": {
              "character": 0,
              "line": 3
            }
          },
          "severity": 2,
          "source": "clang-tidy"
        }
      ],
      "triggerKind": 2
    },
    "range": {
      "end": {
        "character": 15,
        "line": 3
      },
      "start": {
        "character": 15,
        "line": 3
      }
    },
    "textDocument": {
      "uri": "file:///Users/amanuelbogale/Documents/clang-learn/ch7-refactor/test/TestClass.cc"
    }
  }
}

I[16:52:30.603] <-- textDocument/codeAction(46)
V[16:52:30.603] ASTWorker running codeAction on version 3 of /Users/amanuelbogale/Documents/clang-learn/ch7-refactor/test/TestClass.cc
I[16:52:30.604] --> reply:textDocument/codeAction(46) 0 ms
V[16:52:30.604] >>> {
  "id": 46,
  "jsonrpc": "2.0",
  "result": []
}

I[16:52:30.604] --> textDocument/clangd.fileStatus
V[16:52:30.604] >>> {
  "jsonrpc": "2.0",
  "method": "textDocument/clangd.fileStatus",
  "params": {
    "state": "idle",
    "uri": "file:///Users/amanuelbogale/Documents/clang-learn/ch7-refactor/test/TestClass.cc"
  }
}

